[22:42:07] [main/INFO] (FabricLoader/GameProvider) Loading Minecraft 1.19.4 with Fabric Loader 0.14.19
[22:42:07] [main/INFO] (FabricLoader) Loading 46 mods:
	- fabric-api 0.80.0+1.19.4
	- fabric-api-base 0.4.25+504944c8f4
	- fabric-api-lookup-api-v1 1.6.26+504944c8f4
	- fabric-biome-api-v1 13.0.8+348a9c64f4
	- fabric-block-api-v1 1.0.7+e022e5d1f4
	- fabric-blockrenderlayer-v1 1.1.35+c2e6f674f4
	- fabric-client-tags-api-v1 1.0.16+504944c8f4
	- fabric-command-api-v2 2.2.7+504944c8f4
	- fabric-content-registries-v0 3.5.10+ae0966baf4
	- fabric-convention-tags-v1 1.4.2+9a7c5daaf4
	- fabric-crash-report-info-v1 0.2.16+aeb40ebef4
	- fabric-data-generation-api-v1 11.4.1+504944c8f4
	- fabric-dimensions-v1 2.1.46+7f87f8faf4
	- fabric-entity-events-v1 1.5.14+504944c8f4
	- fabric-events-interaction-v0 0.5.0+76ba65ebf4
	- fabric-game-rule-api-v1 1.0.34+a1ccd7bff4
	- fabric-gametest-api-v1 1.2.5+ae0966baf4
	- fabric-item-api-v1 2.1.18+504944c8f4
	- fabric-item-group-api-v1 3.0.6+043f9acff4
	- fabric-key-binding-api-v1 1.0.34+504944c8f4
	- fabric-lifecycle-events-v1 2.2.16+504944c8f4
	- fabric-loot-api-v2 1.1.28+75e98211f4
	- fabric-message-api-v1 5.1.2+504944c8f4
	- fabric-mining-level-api-v1 2.1.40+49abcf7ef4
	- fabric-models-v0 0.3.31+504944c8f4
	- fabric-networking-api-v1 1.3.2+504944c8f4
	- fabric-object-builder-api-v1 7.0.4+504944c8f4
	- fabric-particles-v1 1.0.24+f1e4495bf4
	- fabric-recipe-api-v1 1.0.9+a1ccd7bff4
	- fabric-registry-sync-v0 2.2.1+504944c8f4
	- fabric-renderer-api-v1 2.2.6+504944c8f4
	- fabric-renderer-indigo 1.1.2+81e8c576f4
	- fabric-rendering-data-attachment-v1 0.3.29+afca2f3ef4
	- fabric-rendering-fluids-v1 3.0.22+504944c8f4
	- fabric-rendering-v1 2.1.2+504944c8f4
	- fabric-resource-conditions-api-v1 2.3.2+e6c7d4eef4
	- fabric-resource-loader-v0 0.11.3+1e1fb126f4
	- fabric-screen-api-v1 1.0.46+504944c8f4
	- fabric-screen-handler-api-v1 1.3.21+504944c8f4
	- fabric-sound-api-v1 1.0.10+504944c8f4
	- fabric-transfer-api-v1 3.1.2+504944c8f4
	- fabric-transitive-access-wideners-v1 3.0.4+504944c8f4
	- fabricloader 0.14.19
	- java 17
	- minecraft 1.19.4
	- pufferblocks 1.0.0
[22:42:08] [main/INFO] (FabricLoader/Mixin) SpongePowered MIXIN Subsystem Version=0.8.5 Source=file:/Users/jood/.gradle/caches/modules-2/files-2.1/net.fabricmc/sponge-mixin/0.12.4+mixin.0.8.5/e13b4069fe3555969811d4474f78576c707bbe1c/sponge-mixin-0.12.4+mixin.0.8.5.jar Service=Knot/Fabric Env=CLIENT
[22:42:08] [main/INFO] (FabricLoader/Mixin) Loaded Fabric development mappings for mixin remapper!
[22:42:08] [main/INFO] (FabricLoader/Mixin) Compatibility level set to JAVA_16
[22:42:08] [main/INFO] (FabricLoader/Mixin) Compatibility level set to JAVA_17
[22:42:11] [Datafixer Bootstrap/INFO] (Minecraft) 180 Datafixer optimizations took 75 milliseconds
[22:42:12] [Render thread/INFO] (Minecraft) Environment: authHost='https://authserver.mojang.com', accountsHost='https://api.mojang.com', sessionHost='https://sessionserver.mojang.com', servicesHost='https://api.minecraftservices.com', name='PROD'
[22:42:12] [Render thread/ERROR] (Minecraft) Failed to verify authentication
com.mojang.authlib.exceptions.InvalidCredentialsException: Status: 401
	at com.mojang.authlib.exceptions.MinecraftClientHttpException.toAuthenticationException(MinecraftClientHttpException.java:56) ~[authlib-3.18.38.jar:?]
	at com.mojang.authlib.yggdrasil.YggdrasilUserApiService.fetchProperties(YggdrasilUserApiService.java:156) ~[authlib-3.18.38.jar:?]
	at com.mojang.authlib.yggdrasil.YggdrasilUserApiService.<init>(YggdrasilUserApiService.java:55) ~[authlib-3.18.38.jar:?]
	at com.mojang.authlib.yggdrasil.YggdrasilAuthenticationService.createUserApiService(YggdrasilAuthenticationService.java:161) ~[authlib-3.18.38.jar:?]
	at net.minecraft.client.MinecraftClient.createUserApiService(MinecraftClient.java:712) ~[minecraft-merged-project-root-1.19.4-net.fabricmc.yarn.1_19_4.1.19.4+build.2-v2.jar:?]
	at net.minecraft.client.MinecraftClient.<init>(MinecraftClient.java:506) ~[minecraft-merged-project-root-1.19.4-net.fabricmc.yarn.1_19_4.1.19.4+build.2-v2.jar:?]
	at net.minecraft.client.main.Main.main(Main.java:178) ~[minecraft-merged-project-root-1.19.4-net.fabricmc.yarn.1_19_4.1.19.4+build.2-v2.jar:?]
	at net.fabricmc.loader.impl.game.minecraft.MinecraftGameProvider.launch(MinecraftGameProvider.java:462) ~[fabric-loader-0.14.19.jar:?]
	at net.fabricmc.loader.impl.launch.knot.Knot.launch(Knot.java:74) ~[fabric-loader-0.14.19.jar:?]
	at net.fabricmc.loader.impl.launch.knot.KnotClient.main(KnotClient.java:23) ~[fabric-loader-0.14.19.jar:?]
	at net.fabricmc.devlaunchinjector.Main.main(Main.java:86) ~[dev-launch-injector-0.2.1+build.8.jar:?]
Caused by: com.mojang.authlib.exceptions.MinecraftClientHttpException: Status: 401
	at com.mojang.authlib.minecraft.client.MinecraftClient.readInputStream(MinecraftClient.java:87) ~[authlib-3.18.38.jar:?]
	at com.mojang.authlib.minecraft.client.MinecraftClient.get(MinecraftClient.java:48) ~[authlib-3.18.38.jar:?]
	at com.mojang.authlib.yggdrasil.YggdrasilUserApiService.fetchProperties(YggdrasilUserApiService.java:129) ~[authlib-3.18.38.jar:?]
	... 9 more
[22:42:12] [Render thread/INFO] (Minecraft) Setting user: Player533
[22:42:12] [Render thread/INFO] (Indigo) [Indigo] Registering Indigo renderer!
[22:42:13] [Render thread/INFO] (Minecraft) Backend library: LWJGL version 3.3.2-snapshot
[22:42:13] [Render thread/INFO] (Minecraft) Reloading ResourceManager: vanilla, Fabric Mods (Fabric Registry Sync (v0), Fabric Game Test API (v1), Fabric API Lookup API (v1), Fabric Object Builder API (v1), Fabric Resource Loader (v0), Fabric Transfer API (v1), Fabric Lifecycle Events (v1), Fabric Screen API (v1), Fabric Particles (v1), Fabric Item Group API (v1), Fabric Biome API (v1), Fabric Sound API (v1), Fabric Rendering (v1), Fabric Block API (v1), Fabric Client Tags, Fabric Networking API (v1), Fabric Game Rule API (v1), Fabric Command API (v2), Fabric API, Fabric Entity Events (v1), Fabric Key Binding API (v1), Fabric Models (v0), Fabric Crash Report Info (v1), Hecco's Puffer Blocks, Fabric Item API (v1), Fabric Resource Conditions API (v1), Fabric Data Generation API (v1), Fabric Recipe API (v1), Fabric Loot API (v2), Fabric Content Registries (v0), Fabric Renderer API (v1), Fabric Mining Level API (v1), Fabric Convention Tags, Fabric API Base, Fabric Renderer - Indigo, Fabric Dimensions API (v1), Fabric Loader, Fabric Transitive Access Wideners (v1), Fabric Screen Handler API (v1), Fabric Message API (v1), Fabric BlockRenderLayer Registration (v1), Fabric Rendering Fluids (v1), Fabric Events Interaction (v0), Fabric Rendering Data Attachment (v1))
[22:42:14] [Realms Notification Availability checker #1/INFO] (Minecraft) Could not authorize you against Realms server: Invalid session id
[22:42:15] [Render thread/WARN] (Minecraft) Missing sound for event: minecraft:item.brush.brushing
[22:42:15] [Render thread/WARN] (Minecraft) Missing sound for event: minecraft:item.brush.brush_sand_completed
[22:42:15] [Render thread/WARN] (Minecraft) Missing sound for event: minecraft:item.goat_horn.play
[22:42:15] [Render thread/WARN] (Minecraft) Missing sound for event: minecraft:entity.goat.screaming.horn_break
[22:42:15] [Render thread/WARN] (Minecraft) Missing sound for event: minecraft:music.overworld.cherry_grove
[22:42:15] [Render thread/INFO] (Minecraft) OpenAL initialized on device Jood’s AirPods Max
[22:42:15] [Render thread/INFO] (Minecraft) Sound engine started
[22:42:15] [Render thread/INFO] (Minecraft) Created: 1024x512x4 minecraft:textures/atlas/blocks.png-atlas
[22:42:15] [Render thread/INFO] (Minecraft) Created: 256x256x4 minecraft:textures/atlas/signs.png-atlas
[22:42:15] [Render thread/INFO] (Minecraft) Created: 512x512x4 minecraft:textures/atlas/banner_patterns.png-atlas
[22:42:15] [Render thread/INFO] (Minecraft) Created: 512x512x4 minecraft:textures/atlas/shield_patterns.png-atlas
[22:42:15] [Render thread/INFO] (Minecraft) Created: 1024x1024x4 minecraft:textures/atlas/armor_trims.png-atlas
[22:42:15] [Render thread/INFO] (Minecraft) Created: 256x256x4 minecraft:textures/atlas/chest.png-atlas
[22:42:15] [Render thread/INFO] (Minecraft) Created: 64x64x4 minecraft:textures/atlas/decorated_pot.png-atlas
[22:42:15] [Render thread/INFO] (Minecraft) Created: 512x256x4 minecraft:textures/atlas/beds.png-atlas
[22:42:15] [Render thread/INFO] (Minecraft) Created: 512x256x4 minecraft:textures/atlas/shulker_boxes.png-atlas
[22:42:15] [Render thread/WARN] (Minecraft) Shader rendertype_entity_translucent_emissive could not find sampler named Sampler2 in the specified shader program.
[22:42:15] [Render thread/INFO] (Minecraft) Created: 256x256x0 minecraft:textures/atlas/particles.png-atlas
[22:42:15] [Render thread/INFO] (Minecraft) Created: 256x256x0 minecraft:textures/atlas/paintings.png-atlas
[22:42:15] [Render thread/INFO] (Minecraft) Created: 128x128x0 minecraft:textures/atlas/mob_effects.png-atlas
[22:42:18] [Render thread/INFO] (Minecraft) Loaded 7 recipes
[22:42:18] [Render thread/INFO] (Minecraft) Loaded 1179 advancements
[22:42:19] [Render thread/INFO] (BiomeModificationImpl) Applied 0 biome modifications to 0 of 63 new biomes in 695.0 μs
[22:42:19] [Server thread/INFO] (Minecraft) Starting integrated minecraft server version 1.19.4
[22:42:19] [Server thread/INFO] (Minecraft) Generating keypair
[22:42:20] [Server thread/INFO] (Minecraft) Preparing start region for dimension minecraft:overworld
[22:42:21] [Render thread/INFO] (Minecraft) Preparing spawn area: 0%
[22:42:21] [Render thread/INFO] (Minecraft) Preparing spawn area: 0%
[22:42:22] [Render thread/INFO] (Minecraft) Preparing spawn area: 0%
[22:42:22] [Render thread/INFO] (Minecraft) Preparing spawn area: 0%
[22:42:22] [Render thread/INFO] (Minecraft) Preparing spawn area: 2%
[22:42:22] [Render thread/INFO] (Minecraft) Preparing spawn area: 86%
[22:42:22] [Render thread/INFO] (Minecraft) Time elapsed: 2555 ms
[22:42:22] [Server thread/INFO] (Minecraft) Changing view distance to 12, from 10
[22:42:22] [Server thread/INFO] (Minecraft) Changing simulation distance to 12, from 0
[22:42:23] [Server thread/INFO] (Minecraft) Player533[local:E:b0be447d] logged in with entity id 177 at (20.03526577634419, 64.0, -53.429074075750336)
[22:42:23] [Server thread/INFO] (Minecraft) Player533 joined the game
[22:42:23] [Server thread/INFO] (Minecraft) Player533 has completed the challenge [Serious Dedication]
[22:42:23] [Render thread/INFO] (Minecraft) [System] [CHAT] Player533 has completed the challenge [Serious Dedication]
[22:42:23] [Render thread/INFO] (Minecraft) Loaded 30 advancements
[22:43:10] [Server thread/INFO] (Minecraft) Saving and pausing game...
[22:43:10] [Server thread/INFO] (Minecraft) Saving chunks for level 'ServerLevel[New World]'/minecraft:overworld
[22:43:10] [Server thread/INFO] (Minecraft) Saving chunks for level 'ServerLevel[New World]'/minecraft:the_nether
[22:43:10] [Server thread/INFO] (Minecraft) Saving chunks for level 'ServerLevel[New World]'/minecraft:the_end
[22:43:11] [Server thread/INFO] (Minecraft) Player533 lost connection: Disconnected
[22:43:11] [Server thread/INFO] (Minecraft) Player533 left the game
[22:43:11] [Server thread/INFO] (Minecraft) Stopping singleplayer server as player logged out
[22:43:11] [Server thread/INFO] (Minecraft) Stopping server
[22:43:11] [Server thread/INFO] (Minecraft) Saving players
[22:43:11] [Server thread/INFO] (Minecraft) Saving worlds
[22:43:11] [Server thread/INFO] (Minecraft) Saving chunks for level 'ServerLevel[New World]'/minecraft:overworld
[22:43:12] [Server thread/INFO] (Minecraft) Saving chunks for level 'ServerLevel[New World]'/minecraft:the_nether
[22:43:12] [Server thread/INFO] (Minecraft) Saving chunks for level 'ServerLevel[New World]'/minecraft:the_end
[22:43:12] [Server thread/INFO] (Minecraft) ThreadedAnvilChunkStorage (New World): All chunks are saved
[22:43:12] [Server thread/INFO] (Minecraft) ThreadedAnvilChunkStorage (DIM-1): All chunks are saved
[22:43:12] [Server thread/INFO] (Minecraft) ThreadedAnvilChunkStorage (DIM1): All chunks are saved
[22:43:12] [Server thread/INFO] (Minecraft) ThreadedAnvilChunkStorage: All dimensions are saved
[22:43:12] [Render thread/INFO] (Minecraft) Stopping!
